<?xml version="1.0" encoding="UTF-8"?>
<!-- Generated by org.testng.reporters.JUnitReportReporter -->
<testsuite hostname="OMI" failures="0" tests="1" name="test.automation.test.com.LoginWebPage" time="53.869" errors="0" timestamp="2021-04-16T00:11:48 IST" skipped="0">
  <testcase classname="test.automation.test.com.LoginWebPage" name="loginToApp" time="53.869"/>
  <system-out/>
</testsuite> <!-- test.automation.test.com.LoginWebPage -->
