<?xml version="1.0" encoding="UTF-8"?>
<!-- Generated by org.testng.reporters.JUnitReportReporter -->
<testsuite hostname="OMI" failures="0" tests="1" name="test.automation.test.com.AirlineSearchDetails" time="147.903" errors="0" timestamp="2021-04-19T22:44:27 IST" skipped="0">
  <testcase classname="test.automation.test.com.AirlineSearchDetails" name="airlineSearchDetails" time="147.903"/>
  <system-out>
==================================texttt ==================================174 ==================================2685 ==================================00:1002:20
AirAsia India  I5330 ==================================2693 ==================================08:3510:50
AirAsia India  I5315 ==================================2693 ==================================05:0018:45
AirAsia India  I5631, I5549 ==================================2693 ==================================13:0002:55
+1
AirAsia India  I5363, I5722 ==================================2744 ==================================12:1502:55
+1
AirAsia India  I5942, I5722 ==================================2744 ==================================11:1017:50
Go Air  G8351, G8150 ==================================2744 ==================================11:1020:45
Go Air  G8351, G8132 ==================================2752 ==================================11:1022:15
Go Air  G8351, G8144 ==================================2988 ==================================12:5019:45
Go Air  G8335, G8175 ==================================2988 ==================================07:0013:55
AirAsia India  I5941, I5824 ==================================2988 ==================================05:0013:55
AirAsia India  I5631, I5745 ==================================2988 ==================================13:0022:20
AirAsia India  I5363, I5996 ==================================2988 ==================================12:1522:20
AirAsia India  I5942, I5996 ==================================2989 ==================================23:3509:55
+1
AirAsia India  I5317, I5552 ==================================3039 ==================================15:2002:05
+1
Go Air  G8382, G8195 ==================================3046 ==================================11:1016:20
Go Air  G8351, G8229 ==================================3046 ==================================19:4521:55
Vistara  UK940 ==================================3046 ==================================17:3019:40
Vistara  UK910 ==================================3046 ==================================10:2512:40
Vistara  UK994 ==================================3046 ==================================15:4518:05
Vistara  UK902 ==================================3145 ==================================10:5519:45
Go Air  G8306, G8175 ==================================3145 ==================================10:5016:10
Go Air  G8287, G8196 ==================================3145 ==================================10:5019:15
Go Air  G8287, G8189 ==================================3145 ==================================10:5019:50
Go Air  G8287, G8181 ==================================3145 ==================================10:5020:55
Go Air  G8287, G8149 ==================================3151 ==================================10:5021:20
Go Air  G8287, G83018 ==================================3243 ==================================10:3022:00
Go Air  G8349, G8183 ==================================3243 ==================================15:2520:40
IndiGo  6E5568, 6E648 ==================================3284 ==================================17:4001:10
+1
IndiGo  6E5623, 6E2023 ==================================3284 ==================================15:2020:05
Go Air  G8382, G8285 ==================================3284 ==================================22:0003:05
+1
Go Air  G8384, G83020 ==================================3353 ==================================11:3020:05
Go Air  G8331, G8285 ==================================3394 ==================================22:5007:45
+1
SpiceJet  SG637, SG8194 ==================================3394 ==================================07:3511:15
Go Air  G8365, G8720 ==================================3494 ==================================19:2023:55
Go Air  G8364, G8714 ==================================3494 ==================================13:3018:15
IndiGo  6E5388, 6E2392 ==================================3494 ==================================19:1500:30
+1
IndiGo  6E6818, 6E2173 ==================================3494 ==================================17:5523:10
IndiGo  6E448, 6E2385 ==================================3494 ==================================16:1021:30
IndiGo  6E267, 6E791 ==================================3494 ==================================17:5500:30
+1
IndiGo  6E448, 6E2173 ==================================3494 ==================================16:2523:10
IndiGo  6E5375, 6E2385 ==================================3494 ==================================10:2517:15
IndiGo  6E5307, 6E6409 ==================================3494 ==================================16:1023:30
IndiGo  6E267, 6E2383 ==================================3494 ==================================07:3515:20
IndiGo  6E6555, 6E482 ==================================3494 ==================================07:2015:15
IndiGo  6E5731, 6E6468 ==================================3712 ==================================16:2500:30
+1
IndiGo  6E5375, 6E2173 ==================================3712 ==================================13:5015:55
Go Air  G8391 ==================================3712 ==================================08:0510:10
Go Air  G8327 ==================================3712 ==================================06:0008:05
Go Air  G8329 ==================================3712 ==================================18:0020:05
Go Air  G8339 ==================================3712 ==================================06:0508:15
IndiGo  6E5047 ==================================3712 ==================================18:4520:55
IndiGo  6E2412 ==================================3712 ==================================17:0019:10
IndiGo  6E5535 ==================================3712 ==================================09:1511:25
IndiGo  6E6126 ==================================3712 ==================================07:0009:10
Air India  AI864 ==================================3712 ==================================13:3515:50
IndiGo  6E5519 ==================================3712 ==================================07:4510:00
IndiGo  6E2417 ==================================3712 ==================================10:1512:30
SpiceJet  SG8702 ==================================3712 ==================================07:2009:35
SpiceJet  SG8152 ==================================3712 ==================================19:0021:15
Air India  AI888 ==================================3712 ==================================10:0012:15
Air India  AI809 ==================================3712 ==================================11:5014:05
IndiGo  6E2352 ==================================3712 ==================================21:3023:45
IndiGo  6E248 ==================================3712 ==================================19:3521:55
SpiceJet  SG8158 ==================================3712 ==================================18:0020:30
Air India  AI660 ==================================3712 ==================================16:2020:25
SpiceJet  SG2642 ==================================3713 ==================================07:0511:10
Air India  AI635 ==================================3744 ==================================18:3520:45
AirAsia India  I5829 ==================================3744 ==================================14:1019:05
IndiGo  6E953, 6E226 ==================================3744 ==================================11:1016:10
IndiGo  6E918, 6E2438 ==================================3744 ==================================10:0015:10
IndiGo  6E5326, 6E455 ==================================3995 ==================================11:5019:40
IndiGo  6E749, 6E2299 ==================================3995 ==================================16:4500:45
+1
IndiGo  6E793, 6E5178 ==================================3275 ==================================11:3019:30
IndiGo  6E832, 6E2086 ==================================3275 ==================================05:4507:55
AirAsia India  I5314 ==================================3275 ==================================06:1510:15
IndiGo  6E2098, 6E5343 ==================================3275 ==================================12:1016:20
IndiGo  6E161, 6E5303 ==================================3275 ==================================13:5518:10
IndiGo  6E6245, 6E628 ==================================3275 ==================================20:1000:30
+1
IndiGo  6E5006, 6E6813 ==================================3275 ==================================10:5515:20
IndiGo  6E636, 6E264 ==================================3275 ==================================14:2519:10
IndiGo  6E2966, 6E933 ==================================3275 ==================================17:1522:15
IndiGo  6E2967, 6E5321 ==================================3275 ==================================19:1500:20
+1
IndiGo  6E723, 6E884 ==================================3275 ==================================12:1017:45
IndiGo  6E2044, 6E5306 ==================================3275 ==================================13:5019:30
IndiGo  6E2733, 6E6811 ==================================3275 ==================================16:3022:10
IndiGo  6E2546, 6E891 ==================================3275 ==================================18:4500:30
+1
IndiGo  6E2136, 6E6813 ==================================3275 ==================================15:5021:40
IndiGo  6E937, 6E6602 ==================================3275 ==================================11:0016:50
IndiGo  6E322, 6E448 ==================================3275 ==================================07:2013:10
IndiGo  6E2373, 6E167 ==================================3275 ==================================10:0015:55
IndiGo  6E2334, 6E5377 ==================================3275 ==================================09:4515:40
IndiGo  6E816, 6E903 ==================================3275 ==================================06:2012:20
IndiGo  6E774, 6E297 ==================================3275 ==================================11:3517:35
IndiGo  6E2187, 6E5325 ==================================3275 ==================================19:1501:20
+1
IndiGo  6E723, 6E235 ==================================3275 ==================================13:3519:40
IndiGo  6E6205, 6E5312 ==================================3275 ==================================06:3012:50
IndiGo  6E2042, 6E5399 ==================================3275 ==================================14:1020:35
IndiGo  6E2201, 6E5358 ==================================3279 ==================================04:3511:00
IndiGo  6E517, 6E5622 ==================================3279 ==================================13:1519:50
IndiGo  6E951, 6E468 ==================================3284 ==================================20:5006:20
+1
AirAsia India  I5721, I5941 ==================================3284 ==================================16:0506:20
+1
AirAsia India  I5784, I5941 ==================================3334 ==================================16:5521:10
Go Air  G8188, G8396 ==================================3334 ==================================12:0017:50
Go Air  G8268, G8337 ==================================3440 ==================================20:1006:35
+1
SpiceJet  SG8193, SG636 ==================================3440 ==================================05:4506:35
+1
SpiceJet  SG8913, SG636 ==================================3440 ==================================10:2015:30
Go Air  G8404, G8350 ==================================3440 ==================================11:0016:45
Go Air  G82511, G8352 ==================================3440 ==================================12:0018:40
Go Air  G8194, G82606 ==================================3440 ==================================12:0018:40
Go Air  G8137, G82606 ==================================3440 ==================================10:4018:00
Go Air  G8286, G8320 ==================================3440 ==================================12:0019:30
Go Air  G8137, G8372 ==================================3440 ==================================12:0019:30
Go Air  G8194, G8372 ==================================3491 ==================================10:2018:00
Go Air  G8404, G8320 ==================================3491 ==================================10:4018:40
Go Air  G8286, G82606 ==================================3637 ==================================08:5014:20
Go Air  G83011, G83002 ==================================3637 ==================================05:2011:15
Go Air  G8190, G8386 ==================================3637 ==================================06:0008:00
Vistara  UK975 ==================================3637 ==================================20:4022:50
Vistara  UK953 ==================================3637 ==================================16:5519:05
Vistara  UK941 ==================================3637 ==================================15:3017:40
Vistara  UK933 ==================================3637 ==================================09:3011:40
Vistara  UK927 ==================================3637 ==================================12:5015:00
Vistara  UK993 ==================================3637 ==================================19:5022:00
Vistara  UK985 ==================================3637 ==================================21:4023:50
Vistara  UK981 ==================================3637 ==================================07:3009:45
Vistara  UK943 ==================================3637 ==================================10:2012:35
Vistara  UK995 ==================================3637 ==================================17:4520:05
Vistara  UK955 ==================================3637 ==================================11:4014:00
Vistara  UK945 ==================================3774 ==================================18:5521:15
Vistara  UK977 ==================================3774 ==================================08:5011:10
Vistara  UK963 ==================================3774 ==================================18:0018:20
+1
Vistara  UK969, UK926 ==================================4428 ==================================08:4518:20
Vistara  UK979, UK926 ==================================4428 ==================================06:3018:20
Vistara  UK959, UK926 ==================================4428 ==================================20:5022:55
Go Air  G8330 ==================================4428 ==================================08:0010:05
Go Air  G8334 ==================================4428 ==================================06:5008:55
Go Air  G8530 ==================================4428 ==================================18:2020:25
Go Air  G8323 ==================================4428 ==================================08:5011:00
SpiceJet  SG8723 ==================================4428 ==================================07:2009:35
SpiceJet  SG8701 ==================================4428 ==================================18:4521:05
SpiceJet  SG8709 ==================================4429 ==================================19:4522:05
SpiceJet  SG8169 ==================================4429 ==================================11:3015:50
SpiceJet  SG2871 ==================================4429 ==================================02:3004:35
IndiGo  6E171 ==================================4429 ==================================07:0009:05
Air India  AI887 ==================================4429 ==================================07:2009:25
IndiGo  6E5536 ==================================4429 ==================================15:4517:50
IndiGo  6E5071 ==================================4429 ==================================12:0014:05
IndiGo  6E6202 ==================================4429 ==================================06:5008:55
IndiGo  6E993 ==================================4429 ==================================20:0022:10
Air India  AI805 ==================================4429 ==================================08:0010:10
Air India  AI665 ==================================4429 ==================================08:0510:15
IndiGo  6E5012 ==================================4429 ==================================10:4012:50
Air India  AI865 ==================================4429 ==================================16:4018:50
IndiGo  6E5115 ==================================4429 ==================================21:5500:05
+1
IndiGo  6E665 ==================================4429 ==================================19:4021:50
IndiGo  6E5162 ==================================4429 ==================================09:3011:45
IndiGo  6E2281 ==================================4429 ==================================08:4511:00
IndiGo  6E6197 ==================================4429 ==================================17:4520:00
IndiGo  6E6186 ==================================4429 ==================================04:5507:10
IndiGo  6E5379 ==================================4429 ==================================19:0021:15
Air India  AI624 ==================================4429 ==================================10:3012:45
IndiGo  6E5518 ==================================4429 ==================================09:0011:15
Air India  AI678 ==================================4430 ==================================20:3023:00
IndiGo  6E5625 ==================================4430 ==================================17:5021:35
Air India  AI441 ==================================5330 ==================================15:4017:50
AirAsia India  I5559 ==================================5330 ==================================20:5523:15
AirAsia India  I5482 ==================================5334 ==================================16:4521:05
Go Air  G8717, G8537 ==================================5334 ==================================20:0501:45
+1
Go Air  G8713, G8413 ==================================5334 ==================================14:3020:20
AirAsia India  I5828, I5630 ==================================5334 ==================================20:5004:20
+1
AirAsia India  I5721, I5334 ==================================5334 ==================================08:3017:55
AirAsia India  I5926, I5304 ==================================5334 ==================================08:0017:55
AirAsia India  I5740, I5304 ==================================5334 ==================================09:2520:20
AirAsia India  I5744, I5630  </system-out>
</testsuite> <!-- test.automation.test.com.AirlineSearchDetails -->
